<?xml version="1.0" encoding="UTF-8"?>
<!-- Generated by org.testng.reporters.JUnitReportReporter -->
<testsuite hostname="LAPTOP-D9B72J2S" failures="0" tests="2" name="com.tmb.tests.OrangeHRMTests" time="38.505" errors="0" timestamp="2023-12-30T12:33:56 IST" skipped="0">
  <testcase classname="com.tmb.tests.OrangeHRMTests" name="loginLogoutTest" time="20.169"/>
  <system-out/>
  <testcase classname="com.tmb.tests.OrangeHRMTests" name="loginLogoutTest" time="18.336"/>
  <system-out/>
</testsuite> <!-- com.tmb.tests.OrangeHRMTests -->
