<?xml version="1.0" encoding="UTF-8"?>
<!-- Generated by org.testng.reporters.JUnitReportReporter -->
<testsuite hostname="LAPTOP-D9B72J2S" failures="0" tests="1" name="com.tmb.tests.AmazonDemoTests" time="33.077" errors="0" timestamp="2023-10-26T12:03:46 IST" skipped="0">
  <testcase classname="com.tmb.tests.AmazonDemoTests" name="amazonTest" time="33.077"/>
  <system-out/>
</testsuite> <!-- com.tmb.tests.AmazonDemoTests -->
