<?xml version="1.0" encoding="UTF-8"?>
<!-- Generated by org.testng.reporters.JUnitReportReporter -->
<testsuite hostname="LAPTOP-D9B72J2S" failures="0" tests="5" name="com.dataprovider.latest.DataProviderTest" time="0.008" errors="0" timestamp="2023-10-16T11:15:48 IST" skipped="3">
  <testcase classname="com.dataprovider.latest.DataProviderTest" name="giveDataTest" time="0.003"/>
  <system-out/>
  <testcase classname="com.dataprovider.latest.DataProviderTest" name="giveDataTest" time="0.005"/>
  <system-out/>
  <testcase classname="com.dataprovider.latest.DataProviderTest" name="test1">
    <skipped/>
  </testcase> <!-- test1 -->
  <system-out/>
  <testcase classname="com.dataprovider.latest.DataProviderTest" name="DataFromExcelTest">
    <skipped/>
  </testcase> <!-- DataFromExcelTest -->
  <system-out/>
  <testcase classname="com.dataprovider.latest.DataProviderTest" name="DataFromJsonTest">
    <skipped/>
  </testcase> <!-- DataFromJsonTest -->
  <system-out/>
</testsuite> <!-- com.dataprovider.latest.DataProviderTest -->
