<?xml version="1.0" encoding="UTF-8"?>
<!-- Generated by org.testng.reporters.JUnitReportReporter -->
<testsuite hostname="LAPTOP-D9B72J2S" failures="0" tests="1" name="com.tmb.tests.AnnotationTests" time="0.008" errors="0" timestamp="2023-12-29T17:18:51 IST" skipped="0">
  <testcase classname="com.tmb.tests.AnnotationTests" name="testingTest" time="0.008"/>
  <system-out/>
</testsuite> <!-- com.tmb.tests.AnnotationTests -->
