<?xml version="1.0" encoding="UTF-8"?>
<!-- Generated by org.testng.reporters.JUnitReportReporter -->
<testsuite hostname="LAPTOP-D9B72J2S" failures="0" tests="2" name="com.tmb.tests.OrangeHRMTests" time="36.970" errors="0" timestamp="2024-01-06T14:44:56 IST" skipped="0">
  <testcase classname="com.tmb.tests.OrangeHRMTests" name="loginLogoutTest" time="16.404"/>
  <system-out/>
  <testcase classname="com.tmb.tests.OrangeHRMTests" name="loginLogoutTest" time="20.566"/>
  <system-out/>
</testsuite> <!-- com.tmb.tests.OrangeHRMTests -->
