<?xml version="1.0" encoding="UTF-8"?>
<!-- Generated by org.testng.reporters.JUnitReportReporter -->
<testsuite hostname="LAPTOP-D9B72J2S" failures="0" tests="1" name="com.tmb.tests.HomepageTests" time="9.139" errors="0" timestamp="2023-08-30T10:44:38 IST" skipped="0">
  <testcase classname="com.tmb.tests.HomepageTests" name="test3" time="9.139"/>
  <system-out/>
</testsuite> <!-- com.tmb.tests.HomepageTests -->
