<?xml version="1.0" encoding="UTF-8"?>
<!-- Generated by org.testng.reporters.JUnitReportReporter -->
<testsuite hostname="LAPTOP-D9B72J2S" failures="0" tests="2" name="com.tmb.tests.OrangeHRMTests" time="30.111" errors="0" timestamp="2024-03-01T16:50:19 IST" skipped="0">
  <testcase classname="com.tmb.tests.OrangeHRMTests" name="loginLogoutTest" time="17.691"/>
  <system-out/>
  <testcase classname="com.tmb.tests.OrangeHRMTests" name="loginLogoutTest" time="12.420"/>
  <system-out/>
</testsuite> <!-- com.tmb.tests.OrangeHRMTests -->
